<?xml version="1.0" encoding="UTF-8"?>
<testng-results skipped="0" failed="0" ignored="0" total="1" passed="1">
  <reporter-output>
  </reporter-output>
  <suite name="Default suite" duration-ms="53454" started-at="2021-01-29T07:51:41Z" finished-at="2021-01-29T07:52:35Z">
    <groups>
    </groups>
    <test name="Default test" duration-ms="53454" started-at="2021-01-29T07:51:41Z" finished-at="2021-01-29T07:52:35Z">
      <class name="com.crm.autodesk.contact.CreateQuote">
        <test-method status="PASS" signature="CreateContactWithOrgText()[pri:0, instance:com.crm.autodesk.contact.CreateQuote@68c4039c]" name="CreateContactWithOrgText" duration-ms="53428" started-at="2021-01-29T07:51:41Z" finished-at="2021-01-29T07:52:35Z">
          <reporter-output>
          </reporter-output>
        </test-method> <!-- CreateContactWithOrgText -->
      </class> <!-- com.crm.autodesk.contact.CreateQuote -->
    </test> <!-- Default test -->
  </suite> <!-- Default suite -->
</testng-results>
