<?xml version="1.0" encoding="UTF-8"?>
<!-- Generated by org.testng.reporters.JUnitXMLReporter -->
<testsuite hostname="BAALUU" ignored="0" name="Test" tests="3" failures="0" timestamp="26 Jan 2021 08:00:23 GMT" time="0.348" errors="0">
  <testcase name="testcase1" time="0.014" classname="ExtentReport.TestCase1"/>
  <testcase name="testcase2" time="0.002" classname="ExtentReport.Testcase2"/>
  <testcase name="testcase3" time="0.004" classname="ExtentReport.Testcase3"/>
</testsuite> <!-- Test -->
